<?xml version="1.0" encoding="UTF-8"?>
<testng-results ignored="0" total="9" passed="8" failed="1" skipped="0">
  <reporter-output>
  </reporter-output>
  <suite started-at="2025-07-07T17:07:22 EDT" name="Suite" finished-at="2025-07-07T17:12:05 EDT" duration-ms="282043">
    <groups>
      <group name="cucumber">
        <method signature="AbstractTestNGCucumberTests.runScenario(io.cucumber.testng.PickleWrapper, io.cucumber.testng.FeatureWrapper)[pri:0, instance:com.fidelis.runners.RegressionTest@3c72f59f]" name="runScenario" class="io.cucumber.testng.AbstractTestNGCucumberTests"/>
      </group> <!-- cucumber -->
    </groups>
    <test started-at="2025-07-07T17:07:22 EDT" name="Test" finished-at="2025-07-07T17:12:05 EDT" duration-ms="282043">
      <class name="com.fidelis.runners.RegressionTest">
        <test-method is-config="true" signature="beforeSuite()[pri:0, instance:com.fidelis.runners.RegressionTest@3c72f59f]" started-at="2025-07-07T17:07:22 EDT" name="beforeSuite" finished-at="2025-07-07T17:07:22 EDT" duration-ms="8" status="PASS">
          <reporter-output>
          </reporter-output>
        </test-method> <!-- beforeSuite -->
        <test-method is-config="true" signature="setUpClass()[pri:0, instance:com.fidelis.runners.RegressionTest@3c72f59f]" started-at="2025-07-07T17:07:23 EDT" name="setUpClass" finished-at="2025-07-07T17:07:23 EDT" duration-ms="226" status="PASS">
          <reporter-output>
          </reporter-output>
        </test-method> <!-- setUpClass -->
        <test-method signature="runScenario(io.cucumber.testng.PickleWrapper, io.cucumber.testng.FeatureWrapper)[pri:0, instance:com.fidelis.runners.RegressionTest@3c72f59f]" started-at="2025-07-07T17:07:23 EDT" name="runScenario" description="Runs Cucumber Scenarios" data-provider="scenarios" finished-at="2025-07-07T17:07:39 EDT" duration-ms="16092" status="PASS">
          <params>
            <param index="0">
              <value>
                <![CDATA["Verify FidelisCare home page title"]]>
              </value>
            </param>
            <param index="1">
              <value>
                <![CDATA["FidelisCare Home Page feature"]]>
              </value>
            </param>
          </params>
          <reporter-output>
          </reporter-output>
        </test-method> <!-- runScenario -->
        <test-method signature="runScenario(io.cucumber.testng.PickleWrapper, io.cucumber.testng.FeatureWrapper)[pri:0, instance:com.fidelis.runners.RegressionTest@3c72f59f]" started-at="2025-07-07T17:07:39 EDT" name="runScenario" description="Runs Cucumber Scenarios" data-provider="scenarios" finished-at="2025-07-07T17:08:12 EDT" duration-ms="33082" status="PASS">
          <params>
            <param index="0">
              <value>
                <![CDATA["Verify FidelisCare login is working or not"]]>
              </value>
            </param>
            <param index="1">
              <value>
                <![CDATA["FidelisCare login validation"]]>
              </value>
            </param>
          </params>
          <reporter-output>
          </reporter-output>
        </test-method> <!-- runScenario -->
        <test-method signature="runScenario(io.cucumber.testng.PickleWrapper, io.cucumber.testng.FeatureWrapper)[pri:0, instance:com.fidelis.runners.RegressionTest@3c72f59f]" started-at="2025-07-07T17:08:12 EDT" name="runScenario" description="Runs Cucumber Scenarios" data-provider="scenarios" finished-at="2025-07-07T17:08:42 EDT" duration-ms="29795" status="PASS">
          <params>
            <param index="0">
              <value>
                <![CDATA["Verify FidelisCare login is working or not"]]>
              </value>
            </param>
            <param index="1">
              <value>
                <![CDATA["FidelisCare login validation"]]>
              </value>
            </param>
          </params>
          <reporter-output>
          </reporter-output>
        </test-method> <!-- runScenario -->
        <test-method signature="runScenario(io.cucumber.testng.PickleWrapper, io.cucumber.testng.FeatureWrapper)[pri:0, instance:com.fidelis.runners.RegressionTest@3c72f59f]" started-at="2025-07-07T17:08:42 EDT" name="runScenario" description="Runs Cucumber Scenarios" data-provider="scenarios" finished-at="2025-07-07T17:09:11 EDT" duration-ms="29463" status="PASS">
          <params>
            <param index="0">
              <value>
                <![CDATA["Verify FidelisCare login is working or not"]]>
              </value>
            </param>
            <param index="1">
              <value>
                <![CDATA["FidelisCare login validation"]]>
              </value>
            </param>
          </params>
          <reporter-output>
          </reporter-output>
        </test-method> <!-- runScenario -->
        <test-method signature="runScenario(io.cucumber.testng.PickleWrapper, io.cucumber.testng.FeatureWrapper)[pri:0, instance:com.fidelis.runners.RegressionTest@3c72f59f]" started-at="2025-07-07T17:09:11 EDT" name="runScenario" description="Runs Cucumber Scenarios" data-provider="scenarios" finished-at="2025-07-07T17:10:06 EDT" duration-ms="54388" status="FAIL">
          <params>
            <param index="0">
              <value>
                <![CDATA["Verify FidelisCare  member page login credential"]]>
              </value>
            </param>
            <param index="1">
              <value>
                <![CDATA["FidelisCare Member Page feature"]]>
              </value>
            </param>
          </params>
          <exception class="org.openqa.selenium.NoSuchElementException">
            <message>
              <![CDATA[no such element: Unable to locate element: {"method":"xpath","selector":"//div[contains(text(),'Step 3: Review Your Plan Documents')]"}
  (Session info: chrome=137.0.7151.122)
For documentation on this error, please visit: https://www.selenium.dev/documentation/webdriver/troubleshooting/errors#no-such-element-exception
Build info: version: '4.22.0', revision: 'c5f3146703*'
System info: os.name: 'Windows 11', os.arch: 'amd64', os.version: '10.0', java.version: '21.0.3'
Driver info: org.openqa.selenium.chrome.ChromeDriver
Command: [54bde6e26898783fa21f3a5a1fc0bc3a, findElement {value=//div[contains(text(),'Step 3: Review Your Plan Documents')], using=xpath}]
Capabilities {acceptInsecureCerts: false, browserName: chrome, browserVersion: 137.0.7151.122, chrome: {chromedriverVersion: 137.0.7151.119 (e0ac9d12dff..., userDataDir: C:\Users\mdrhm\AppData\Loca...}, fedcm:accounts: true, goog:chromeOptions: {debuggerAddress: localhost:59421}, networkConnectionEnabled: false, pageLoadStrategy: normal, platformName: windows, proxy: Proxy(), se:cdp: ws://localhost:59421/devtoo..., se:cdpVersion: 137.0.7151.122, setWindowRect: true, strictFileInteractability: false, timeouts: {implicit: 0, pageLoad: 300000, script: 30000}, unhandledPromptBehavior: dismiss and notify, webauthn:extension:credBlob: true, webauthn:extension:largeBlob: true, webauthn:extension:minPinLength: true, webauthn:extension:prf: true, webauthn:virtualAuthenticators: true}
Session ID: 54bde6e26898783fa21f3a5a1fc0bc3a]]>
            </message>
            <full-stacktrace>
              <![CDATA[org.openqa.selenium.NoSuchElementException: no such element: Unable to locate element: {"method":"xpath","selector":"//div[contains(text(),'Step 3: Review Your Plan Documents')]"}
  (Session info: chrome=137.0.7151.122)
For documentation on this error, please visit: https://www.selenium.dev/documentation/webdriver/troubleshooting/errors#no-such-element-exception
Build info: version: '4.22.0', revision: 'c5f3146703*'
System info: os.name: 'Windows 11', os.arch: 'amd64', os.version: '10.0', java.version: '21.0.3'
Driver info: org.openqa.selenium.chrome.ChromeDriver
Command: [54bde6e26898783fa21f3a5a1fc0bc3a, findElement {value=//div[contains(text(),'Step 3: Review Your Plan Documents')], using=xpath}]
Capabilities {acceptInsecureCerts: false, browserName: chrome, browserVersion: 137.0.7151.122, chrome: {chromedriverVersion: 137.0.7151.119 (e0ac9d12dff..., userDataDir: C:\Users\mdrhm\AppData\Loca...}, fedcm:accounts: true, goog:chromeOptions: {debuggerAddress: localhost:59421}, networkConnectionEnabled: false, pageLoadStrategy: normal, platformName: windows, proxy: Proxy(), se:cdp: ws://localhost:59421/devtoo..., se:cdpVersion: 137.0.7151.122, setWindowRect: true, strictFileInteractability: false, timeouts: {implicit: 0, pageLoad: 300000, script: 30000}, unhandledPromptBehavior: dismiss and notify, webauthn:extension:credBlob: true, webauthn:extension:largeBlob: true, webauthn:extension:minPinLength: true, webauthn:extension:prf: true, webauthn:virtualAuthenticators: true}
Session ID: 54bde6e26898783fa21f3a5a1fc0bc3a
at java.base/jdk.internal.reflect.DirectConstructorHandleAccessor.newInstance(DirectConstructorHandleAccessor.java:62)
at java.base/java.lang.reflect.Constructor.newInstanceWithCaller(Constructor.java:502)
at java.base/java.lang.reflect.Constructor.newInstance(Constructor.java:486)
at org.openqa.selenium.remote.ErrorCodec.decode(ErrorCodec.java:167)
at org.openqa.selenium.remote.codec.w3c.W3CHttpResponseCodec.decode(W3CHttpResponseCodec.java:138)
at org.openqa.selenium.remote.codec.w3c.W3CHttpResponseCodec.decode(W3CHttpResponseCodec.java:50)
at org.openqa.selenium.remote.HttpCommandExecutor.execute(HttpCommandExecutor.java:190)
at org.openqa.selenium.remote.service.DriverCommandExecutor.invokeExecute(DriverCommandExecutor.java:216)
at org.openqa.selenium.remote.service.DriverCommandExecutor.execute(DriverCommandExecutor.java:174)
at org.openqa.selenium.remote.RemoteWebDriver.execute(RemoteWebDriver.java:518)
at org.openqa.selenium.remote.ElementLocation$ElementFinder$2.findElement(ElementLocation.java:165)
at org.openqa.selenium.remote.ElementLocation.findElement(ElementLocation.java:59)
at org.openqa.selenium.remote.RemoteWebDriver.findElement(RemoteWebDriver.java:355)
at org.openqa.selenium.remote.RemoteWebDriver.findElement(RemoteWebDriver.java:349)
at org.openqa.selenium.support.pagefactory.DefaultElementLocator.findElement(DefaultElementLocator.java:68)
at org.openqa.selenium.support.pagefactory.internal.LocatingElementHandler.invoke(LocatingElementHandler.java:38)
at jdk.proxy2/jdk.proxy2.$Proxy25.click(Unknown Source)
at com.fidelis.pages.MemberPage.reviewYourPlanDocuments(MemberPage.java:57)
at com.fidelis.steps.StepDefinition.i_click_on_RYPD_button(StepDefinition.java:200)
at ✽.I click on RYPD button(file:///C:/Users/mdrhm/OneDrive/Desktop/OSA0820202325A/BDD_Cucumber_FidelisCare_Project/src/test/java/com/fidelis/features/MemberPage.feature:10)
]]>
            </full-stacktrace>
          </exception> <!-- org.openqa.selenium.NoSuchElementException -->
          <reporter-output>
          </reporter-output>
        </test-method> <!-- runScenario -->
        <test-method signature="runScenario(io.cucumber.testng.PickleWrapper, io.cucumber.testng.FeatureWrapper)[pri:0, instance:com.fidelis.runners.RegressionTest@3c72f59f]" started-at="2025-07-07T17:10:06 EDT" name="runScenario" description="Runs Cucumber Scenarios" data-provider="scenarios" finished-at="2025-07-07T17:10:37 EDT" duration-ms="31811" status="PASS">
          <params>
            <param index="0">
              <value>
                <![CDATA["Verify  login page is working or not"]]>
              </value>
            </param>
            <param index="1">
              <value>
                <![CDATA["FidelisCare member portal page testing info"]]>
              </value>
            </param>
          </params>
          <reporter-output>
          </reporter-output>
        </test-method> <!-- runScenario -->
        <test-method signature="runScenario(io.cucumber.testng.PickleWrapper, io.cucumber.testng.FeatureWrapper)[pri:0, instance:com.fidelis.runners.RegressionTest@3c72f59f]" started-at="2025-07-07T17:10:37 EDT" name="runScenario" description="Runs Cucumber Scenarios" data-provider="scenarios" finished-at="2025-07-07T17:11:02 EDT" duration-ms="24879" status="PASS">
          <params>
            <param index="0">
              <value>
                <![CDATA["Verify  login page is working or not"]]>
              </value>
            </param>
            <param index="1">
              <value>
                <![CDATA["FidelisCare member portal page testing info"]]>
              </value>
            </param>
          </params>
          <reporter-output>
          </reporter-output>
        </test-method> <!-- runScenario -->
        <test-method signature="runScenario(io.cucumber.testng.PickleWrapper, io.cucumber.testng.FeatureWrapper)[pri:0, instance:com.fidelis.runners.RegressionTest@3c72f59f]" started-at="2025-07-07T17:11:02 EDT" name="runScenario" description="Runs Cucumber Scenarios" data-provider="scenarios" finished-at="2025-07-07T17:11:24 EDT" duration-ms="21901" status="PASS">
          <params>
            <param index="0">
              <value>
                <![CDATA["Verify FidelisCare Providers Page Login Credential"]]>
              </value>
            </param>
            <param index="1">
              <value>
                <![CDATA["FidelisCare Providers Page feature"]]>
              </value>
            </param>
          </params>
          <reporter-output>
          </reporter-output>
        </test-method> <!-- runScenario -->
        <test-method signature="runScenario(io.cucumber.testng.PickleWrapper, io.cucumber.testng.FeatureWrapper)[pri:0, instance:com.fidelis.runners.RegressionTest@3c72f59f]" started-at="2025-07-07T17:11:24 EDT" name="runScenario" description="Runs Cucumber Scenarios" data-provider="scenarios" finished-at="2025-07-07T17:12:03 EDT" duration-ms="38994" status="PASS">
          <params>
            <param index="0">
              <value>
                <![CDATA["Verify FidelisCare Shop For A Plan page details"]]>
              </value>
            </param>
            <param index="1">
              <value>
                <![CDATA["FidelisCare Shop For A Plan Page feature"]]>
              </value>
            </param>
          </params>
          <reporter-output>
          </reporter-output>
        </test-method> <!-- runScenario -->
        <test-method is-config="true" signature="tearDownClass()[pri:0, instance:com.fidelis.runners.RegressionTest@3c72f59f]" started-at="2025-07-07T17:12:03 EDT" name="tearDownClass" finished-at="2025-07-07T17:12:05 EDT" duration-ms="1379" status="PASS">
          <reporter-output>
          </reporter-output>
        </test-method> <!-- tearDownClass -->
        <test-method is-config="true" signature="afterSuite()[pri:0, instance:com.fidelis.runners.RegressionTest@3c72f59f]" started-at="2025-07-07T17:12:05 EDT" name="afterSuite" finished-at="2025-07-07T17:12:05 EDT" duration-ms="0" status="PASS">
          <reporter-output>
          </reporter-output>
        </test-method> <!-- afterSuite -->
      </class> <!-- com.fidelis.runners.RegressionTest -->
    </test> <!-- Test -->
  </suite> <!-- Suite -->
</testng-results>
